<?xml version="1.0" encoding="UTF-8"?>
<testsuite name="exercise.PepperoniPizzaTest" tests="2" skipped="0" failures="0" errors="0" timestamp="2024-02-07T08:04:07" hostname="yrl6cnqc7c-mac" time="0.001">
  <properties/>
  <testcase name="testEat" classname="exercise.PepperoniPizzaTest" time="0.0"/>
  <testcase name="testToString" classname="exercise.PepperoniPizzaTest" time="0.0"/>
  <system-out><![CDATA[]]></system-out>
  <system-err><![CDATA[]]></system-err>
</testsuite>
