<?xml version="1.0" encoding="UTF-8"?>
<testsuite name="exercise.PhoneBookTest" tests="2" skipped="0" failures="0" errors="0" timestamp="2024-02-07T08:35:56" hostname="yrl6cnqc7c-mac" time="0.005">
  <properties/>
  <testcase name="testLookupContact" classname="exercise.PhoneBookTest" time="0.001"/>
  <testcase name="testAddContact" classname="exercise.PhoneBookTest" time="0.004"/>
  <system-out><![CDATA[]]></system-out>
  <system-err><![CDATA[]]></system-err>
</testsuite>
