<?xml version="1.0" encoding="UTF-8"?>
<testsuite name="exercise.ContactTest" tests="1" skipped="0" failures="0" errors="0" timestamp="2024-02-07T08:35:56" hostname="yrl6cnqc7c-mac" time="0.002">
  <properties/>
  <testcase name="testCompareTo" classname="exercise.ContactTest" time="0.002"/>
  <system-out><![CDATA[]]></system-out>
  <system-err><![CDATA[]]></system-err>
</testsuite>
