<?xml version="1.0" encoding="UTF-8"?>
<testsuite name="exercise.StudentRecordTest" tests="1" skipped="0" failures="0" errors="0" timestamp="2024-02-07T10:06:17" hostname="yrl6cnqc7c-mac" time="0.0">
  <properties/>
  <testcase name="testRecordComponents" classname="exercise.StudentRecordTest" time="0.0"/>
  <system-out><![CDATA[]]></system-out>
  <system-err><![CDATA[]]></system-err>
</testsuite>
